<?xml version="1.0" encoding="UTF-8"?>
<!-- Generated by org.testng.reporters.JUnitReportReporter -->
<testsuite hostname="kamakshi" failures="0" tests="1" name="Sam.SeleniumFrameworkDesign.Login" time="4.759" errors="0" timestamp="2023-12-13T20:46:32 CST" skipped="0">
  <testcase classname="Sam.SeleniumFrameworkDesign.Login" name="verifyLoginWithValidCredentials" time="4.759"/>
</testsuite> <!-- Sam.SeleniumFrameworkDesign.Login -->
