<?xml version="1.0" encoding="UTF-8"?>
<!-- Generated by org.testng.reporters.JUnitReportReporter -->
<testsuite hostname="kamakshi" failures="0" tests="1" name="Rahul.SeleniumFrameworkDesign.Login" time="6.484" errors="0" timestamp="2023-12-13T19:55:28 CST" skipped="0">
  <testcase classname="Rahul.SeleniumFrameworkDesign.Login" name="verifyLoginWithValidCredentials" time="6.484"/>
</testsuite> <!-- Rahul.SeleniumFrameworkDesign.Login -->
